Arguments: 
  C:\Program Files\nodejs\node.exe C:\Users\dell\AppData\Roaming\npm\node_modules\yarn\bin\yarn.js init

PATH: 
  C:\Program Files (x86)\Python36-32\Scripts\;C:\Program Files (x86)\Python36-32\;C:\WINDOWS\system32;C:\WINDOWS;C:\WINDOWS\System32\Wbem;C:\WINDOWS\System32\WindowsPowerShell\v1.0\;C:\WINDOWS\System32\OpenSSH\;C:\WINDOWS\system32\config\systemprofile\.dnx\bin;C:\Program Files\Microsoft DNX\Dnvm\;C:\Program Files (x86)\Windows Kits\10\Windows Performance Toolkit\;E:\vscode\Microsoft VS Code\bin;C:\Program Files\Java\jdk1.8.0_181\bin;D:\SQL serve\100\Tools\Binn\;D:\SQL Server\100\Tools\Binn\;D:\SQL Server\100\DTS\Binn\;D:\SQL serve\100\Tools\Binn\VSShell\Common7\IDE\;C:\Program Files (x86)\Microsoft Visual Studio 9.0\Common7\IDE\PrivateAssemblies\;D:\SQL serve\100\DTS\Binn\;C:\Program Files\Git\cmd;C:\Program Files\nodejs\;E:\mongodb\bin;E:\python3.7\Scripts\;E:\python3.7\;C:\Users\dell\AppData\Local\Microsoft\WindowsApps;C:\Program Files\MongoDB\Server\3.4\bin;C:\Users\dell\AppData\Roaming\npm

Yarn version: 
  1.19.1

Node version: 
  8.0.0

Platform: 
  win32 x64

Trace: 
  Error: canceled
      at Interface.<anonymous> (C:\Users\dell\AppData\Roaming\npm\node_modules\yarn\lib\cli.js:136824:13)
      at emitNone (events.js:105:13)
      at Interface.emit (events.js:207:7)
      at Interface._ttyWrite (readline.js:768:16)
      at ReadStream.onkeypress (readline.js:157:10)
      at emitTwo (events.js:125:13)
      at ReadStream.emit (events.js:213:7)
      at emitKeys (internal/readline.js:417:14)
      at emitKeys.next (<anonymous>)
      at ReadStream.onData (readline.js:1005:36)

npm manifest: 
  {
    "name": "backend",
    "version": "0.0.0",
    "private": true,
    "scripts": {
      "start": "node ./bin/www",
      "dev": "nodemon ./bin/www"
    },
    "dependencies": {
      "cookie-parser": "~1.4.4",
      "debug": "~2.6.9",
      "express": "~4.16.1",
      "http-errors": "~1.6.3",
      "jade": "~1.11.0",
      "morgan": "~1.9.1",
      "node": "^13.6.0"
    }
  }

yarn manifest: 
  No manifest

Lockfile: 
  No lockfile
